<?xml version="1.0" encoding="UTF-8"?>
<testng-results ignored="0" total="2" passed="2" failed="0" skipped="0">
  <reporter-output>
  </reporter-output>
  <suite started-at="2024-08-10T12:07:33 IST" name="Default suite" finished-at="2024-08-10T12:07:48 IST" duration-ms="14595">
    <groups>
    </groups>
    <test started-at="2024-08-10T12:07:33 IST" name="Default test" finished-at="2024-08-10T12:07:48 IST" duration-ms="14595">
      <class name="test.FinalTest">
        <test-method is-config="true" signature="setup()[pri:0, instance:test.FinalTest@74e28667]" started-at="2024-08-10T12:07:33 IST" name="setup" finished-at="2024-08-10T12:07:42 IST" duration-ms="9137" status="PASS">
          <reporter-output>
          </reporter-output>
        </test-method> <!-- setup -->
        <test-method signature="logintest()[pri:0, instance:test.FinalTest@74e28667]" started-at="2024-08-10T12:07:42 IST" name="logintest" finished-at="2024-08-10T12:07:44 IST" duration-ms="1856" status="PASS">
          <reporter-output>
          </reporter-output>
        </test-method> <!-- logintest -->
        <test-method signature="registertest()[pri:0, instance:test.FinalTest@74e28667]" started-at="2024-08-10T12:07:44 IST" name="registertest" finished-at="2024-08-10T12:07:48 IST" duration-ms="3330" status="PASS">
          <reporter-output>
          </reporter-output>
        </test-method> <!-- registertest -->
        <test-method is-config="true" signature="teardown()[pri:0, instance:test.FinalTest@74e28667]" started-at="2024-08-10T12:07:48 IST" name="teardown" finished-at="2024-08-10T12:07:48 IST" duration-ms="214" status="PASS">
          <reporter-output>
          </reporter-output>
        </test-method> <!-- teardown -->
      </class> <!-- test.FinalTest -->
    </test> <!-- Default test -->
  </suite> <!-- Default suite -->
</testng-results>
